Line 10: Property Icon in panzerEarthPrefs had an invalid file reference.
Line 48: Property Picture in imgAbout had an invalid file reference.
Line 56: Property Picture in imgAboutClicked had an invalid file reference.
Line 81: Property Picture in imgConfig had an invalid file reference.
Line 89: Property Picture in imgConfigClicked had an invalid file reference.
Line 113: Property Picture in imgDevelopment had an invalid file reference.
Line 121: Property Picture in imgDevelopmentClicked had an invalid file reference.
Line 146: Property Picture in imgPosition had an invalid file reference.
Line 154: Property Picture in imgPositionClicked had an invalid file reference.
Line 199: Property Picture in imgSounds had an invalid file reference.
Line 207: Property Picture in imgSoundsClicked had an invalid file reference.
Line 247: Property Picture in imgWindow had an invalid file reference.
Line 255: Property Picture in imgWindowClicked had an invalid file reference.
Line 279: Property Picture in imgFonts had an invalid file reference.
Line 287: Property Picture in imgFontsClicked had an invalid file reference.
Line 311: Property Picture in imgGeneral had an invalid file reference.
Line 319: Property Picture in imgGeneralClicked had an invalid file reference.
Line 350: Property ItemData in cmbScrollWheelDirection had an invalid file reference.
Line 352: Property List in cmbScrollWheelDirection had an invalid file reference.
Line 577: Property Caption in lblFontsTab must be a quoted string
Line 856: Property ItemData in cmbWidgetLandscape had an invalid file reference.
Line 858: Property List in cmbWidgetLandscape had an invalid file reference.
Line 867: Property ItemData in cmbWidgetPortrait had an invalid file reference.
Line 869: Property List in cmbWidgetPortrait had an invalid file reference.
Line 878: Property ItemData in cmbWidgetPosition had an invalid file reference.
Line 880: Property List in cmbWidgetPosition had an invalid file reference.
Line 889: Property ItemData in cmbAspectHidden had an invalid file reference.
Line 891: Property List in cmbAspectHidden had an invalid file reference.
Line 977: Property Caption in lblPosition must be a quoted string
Line 997: Property Caption in lblPosition must be a quoted string
Line 1017: Property Caption in lblPosition must be a quoted string
Line 1023: Property ToolTipText in lblPosition must be a quoted string
Line 1064: Property Text in txtAboutText had an invalid file reference.
Line 1390: Property ToolTipText in txtDefaultEditor must be a quoted string
Line 1395: Property Caption in lblDebug must be a quoted string
Line 1414: Property Caption in lblGitHub must be a quoted string
Line 1452: Property ItemData in cmbDebug had an invalid file reference.
Line 1454: Property List in cmbDebug had an invalid file reference.
Line 1615: Property Caption in lblWindowLevel must be a quoted string
Line 1629: Property ToolTipText in cmbWindowLevel must be a quoted string
